#
# There is insufficient memory for the Java Runtime Environment to continue.
# Native memory allocation (malloc) failed to allocate 1661776 bytes for Chunk::new
# Possible reasons:
#   The system is out of physical RAM or swap space
#   The process is running with CompressedOops enabled, and the Java Heap may be blocking the growth of the native heap
# Possible solutions:
#   Reduce memory load on the system
#   Increase physical memory or swap space
#   Check if swap backing store is full
#   Decrease Java heap size (-Xmx/-Xms)
#   Decrease number of Java threads
#   Decrease Java thread stack sizes (-Xss)
#   Set larger code cache with -XX:ReservedCodeCacheSize=
#   JVM is running with Unscaled Compressed Oops mode in which the Java heap is
#     placed in the first 4GB address space. The Java Heap base address is the
#     maximum limit for the native heap growth. Please use -XX:HeapBaseMinAddress
#     to set the Java Heap base and to place the Java Heap above 4GB virtual address.
# This output file may be truncated or incomplete.
#
#  Out of Memory Error (arena.cpp:189), pid=3864, tid=29576
#
# JRE version: OpenJDK Runtime Environment Temurin-17.0.6+10 (17.0.6+10) (build 17.0.6+10)
# Java VM: OpenJDK 64-Bit Server VM Temurin-17.0.6+10 (17.0.6+10, mixed mode, tiered, compressed oops, compressed class ptrs, g1 gc, windows-amd64)
# No core dump will be written. Minidumps are not enabled by default on client versions of Windows
#

---------------  S U M M A R Y ------------

Command Line: -Dfile.encoding=UTF-8 -XX:+ShowCodeDetailsInExceptionMessages com.back.BackApplication

Host: Intel(R) Pentium(R) CPU 4417U @ 2.30GHz, 4 cores, 3G,  Windows 11 , 64 bit Build 22000 (10.0.22000.1335)
Time: Sun Apr  2 15:11:38 2023 Central Europe Daylight Time elapsed time: 1976152.756748 seconds (22d 20h 55m 52s)

---------------  T H R E A D  ---------------

Current thread (0x0000019dcca8fdd0):  JavaThread "C2 CompilerThread0" daemon [_thread_in_native, id=29576, stack(0x00000068d9e00000,0x00000068d9f00000)]


Current CompileTask:
C2:1976152757 32703       4       org.springframework.web.servlet.mvc.method.annotation.AbstractMessageConverterMethodProcessor$$Lambda$1196/0x00000001008b0800::apply (12 bytes)

Stack: [0x00000068d9e00000,0x00000068d9f00000]
Native frames: (J=compiled Java code, j=interpreted, Vv=VM code, C=native code)
V  [jvm.dll+0x67741a]
V  [jvm.dll+0x834434]
V  [jvm.dll+0x835bde]
V  [jvm.dll+0x836243]
V  [jvm.dll+0x2457b5]
V  [jvm.dll+0xabafc]
V  [jvm.dll+0xac0cc]
V  [jvm.dll+0x363492]
V  [jvm.dll+0x32dda1]
V  [jvm.dll+0x32d24a]
V  [jvm.dll+0x2185f1]
V  [jvm.dll+0x217a11]
V  [jvm.dll+0x1a3d0d]
V  [jvm.dll+0x22742a]
V  [jvm.dll+0x225565]
V  [jvm.dll+0x7ea2cb]
V  [jvm.dll+0x7e483a]
V  [jvm.dll+0x6762c5]
C  [ucrtbase.dll+0x26c0c]
C  [KERNEL32.DLL+0x155a0]
C  [ntdll.dll+0x485b]


---------------  P R O C E S S  ---------------

Threads class SMR info:
_java_thread_list=0x0000019dcddb32c0, length=44, elements={
0x0000019dcca58020, 0x0000019dcca5af70, 0x0000019dcca81280, 0x0000019dcca82b50,
0x0000019dcca83410, 0x0000019dcca871d0, 0x0000019dcca8fdd0, 0x0000019dcca92f80,
0x0000019dccaad5b0, 0x0000019dcd541290, 0x0000019dcd55b420, 0x0000019dd0c46390,
0x0000019dd2171480, 0x0000019dd1d88090, 0x0000019dd1c15880, 0x0000019dd1c17f00,
0x0000019dcf46e600, 0x0000019dcf46e130, 0x0000019dcf46f940, 0x0000019dd1db40a0,
0x0000019dd1db4a40, 0x0000019dd1db1080, 0x0000019dd1db3700, 0x0000019dd1db2d60,
0x0000019dcf46f470, 0x0000019dcf5acda0, 0x0000019dd2173160, 0x0000019dcf5a98b0,
0x0000019dcf5aba60, 0x0000019dcf5a6890, 0x0000019dcf5ab590, 0x0000019dcf5a80a0,
0x0000019dcf5a8a40, 0x0000019dcf5a8f10, 0x0000019dcf46c450, 0x0000019dcf46c920,
0x0000019dcf46a770, 0x0000019dcf46cdf0, 0x0000019dcf46d2c0, 0x0000019dd1db3230,
0x0000019dd1db1ef0, 0x0000019dd1db23c0, 0x0000019dd1db2890, 0x0000019dd1d8b0b0
}

Java Threads: ( => current thread )
  0x0000019dcca58020 JavaThread "Reference Handler" daemon [_thread_blocked, id=10244, stack(0x00000068d9800000,0x00000068d9900000)]
  0x0000019dcca5af70 JavaThread "Finalizer" daemon [_thread_blocked, id=19532, stack(0x00000068d9900000,0x00000068d9a00000)]
  0x0000019dcca81280 JavaThread "Signal Dispatcher" daemon [_thread_blocked, id=14192, stack(0x00000068d9a00000,0x00000068d9b00000)]
  0x0000019dcca82b50 JavaThread "Attach Listener" daemon [_thread_blocked, id=22648, stack(0x00000068d9b00000,0x00000068d9c00000)]
  0x0000019dcca83410 JavaThread "Service Thread" daemon [_thread_blocked, id=19772, stack(0x00000068d9c00000,0x00000068d9d00000)]
  0x0000019dcca871d0 JavaThread "Monitor Deflation Thread" daemon [_thread_blocked, id=26796, stack(0x00000068d9d00000,0x00000068d9e00000)]
=>0x0000019dcca8fdd0 JavaThread "C2 CompilerThread0" daemon [_thread_in_native, id=29576, stack(0x00000068d9e00000,0x00000068d9f00000)]
  0x0000019dcca92f80 JavaThread "C1 CompilerThread0" daemon [_thread_blocked, id=27840, stack(0x00000068d9f00000,0x00000068da000000)]
  0x0000019dccaad5b0 JavaThread "Sweeper thread" daemon [_thread_in_vm, id=12388, stack(0x00000068da000000,0x00000068da100000)]
  0x0000019dcd541290 JavaThread "Notification Thread" daemon [_thread_blocked, id=7420, stack(0x00000068da100000,0x00000068da200000)]
  0x0000019dcd55b420 JavaThread "Common-Cleaner" daemon [_thread_blocked, id=13532, stack(0x00000068da300000,0x00000068da400000)]
  0x0000019dd0c46390 JavaThread "mysql-cj-abandoned-connection-cleanup" daemon [_thread_blocked, id=22024, stack(0x00000068dab00000,0x00000068dac00000)]
  0x0000019dd2171480 JavaThread "Live Reload Server" daemon [_thread_in_native, id=29784, stack(0x00000068db400000,0x00000068db500000)]
  0x0000019dd1d88090 JavaThread "DestroyJavaVM" [_thread_blocked, id=30648, stack(0x00000068d9100000,0x00000068d9200000)]
  0x0000019dd1c15880 JavaThread "File Watcher" daemon [_thread_blocked, id=13192, stack(0x00000068da400000,0x00000068da500000)]
  0x0000019dd1c17f00 JavaThread "File Watcher" daemon [_thread_blocked, id=22888, stack(0x00000068da900000,0x00000068daa00000)]
  0x0000019dcf46e600 JavaThread "File Watcher" daemon [_thread_blocked, id=6924, stack(0x00000068dac00000,0x00000068dad00000)]
  0x0000019dcf46e130 JavaThread "File Watcher" daemon [_thread_blocked, id=26404, stack(0x00000068dad00000,0x00000068dae00000)]
  0x0000019dcf46f940 JavaThread "File Watcher" daemon [_thread_blocked, id=24132, stack(0x00000068d8e00000,0x00000068d8f00000)]
  0x0000019dd1db40a0 JavaThread "File Watcher" daemon [_thread_blocked, id=20400, stack(0x00000068d9000000,0x00000068d9100000)]
  0x0000019dd1db4a40 JavaThread "File Watcher" daemon [_thread_blocked, id=17068, stack(0x00000068daa00000,0x00000068dab00000)]
  0x0000019dd1db1080 JavaThread "File Watcher" daemon [_thread_blocked, id=5472, stack(0x00000068dae00000,0x00000068daf00000)]
  0x0000019dd1db3700 JavaThread "File Watcher" daemon [_thread_blocked, id=21708, stack(0x00000068db000000,0x00000068db100000)]
  0x0000019dd1db2d60 JavaThread "File Watcher" daemon [_thread_blocked, id=19964, stack(0x00000068db100000,0x00000068db200000)]
  0x0000019dcf46f470 JavaThread "File Watcher" daemon [_thread_blocked, id=6232, stack(0x00000068db200000,0x00000068db300000)]
  0x0000019dcf5acda0 JavaThread "File Watcher" daemon [_thread_blocked, id=26384, stack(0x00000068db300000,0x00000068db400000)]
  0x0000019dd2173160 JavaThread "HikariPool-161 housekeeper" daemon [_thread_blocked, id=18084, stack(0x00000068db500000,0x00000068db600000)]
  0x0000019dcf5a98b0 JavaThread "Catalina-utility-1" [_thread_blocked, id=5984, stack(0x00000068dba00000,0x00000068dbb00000)]
  0x0000019dcf5aba60 JavaThread "Catalina-utility-2" [_thread_blocked, id=27920, stack(0x00000068dbb00000,0x00000068dbc00000)]
  0x0000019dcf5a6890 JavaThread "container-12" [_thread_blocked, id=26820, stack(0x00000068dbc00000,0x00000068dbd00000)]
  0x0000019dcf5ab590 JavaThread "File Watcher" daemon [_thread_blocked, id=29848, stack(0x00000068dbd00000,0x00000068dbe00000)]
  0x0000019dcf5a80a0 JavaThread "http-nio-8080-exec-1" daemon [_thread_blocked, id=17948, stack(0x00000068dbe00000,0x00000068dbf00000)]
  0x0000019dcf5a8a40 JavaThread "http-nio-8080-exec-2" daemon [_thread_blocked, id=6404, stack(0x00000068dbf00000,0x00000068dc000000)]
  0x0000019dcf5a8f10 JavaThread "http-nio-8080-exec-3" daemon [_thread_blocked, id=30232, stack(0x00000068dc000000,0x00000068dc100000)]
  0x0000019dcf46c450 JavaThread "http-nio-8080-exec-4" daemon [_thread_in_native, id=8260, stack(0x00000068dc100000,0x00000068dc200000)]
  0x0000019dcf46c920 JavaThread "http-nio-8080-exec-5" daemon [_thread_blocked, id=17632, stack(0x00000068dc200000,0x00000068dc300000)]
  0x0000019dcf46a770 JavaThread "http-nio-8080-exec-6" daemon [_thread_blocked, id=23804, stack(0x00000068dc300000,0x00000068dc400000)]
  0x0000019dcf46cdf0 JavaThread "http-nio-8080-exec-7" daemon [_thread_blocked, id=30580, stack(0x00000068dc400000,0x00000068dc500000)]
  0x0000019dcf46d2c0 JavaThread "http-nio-8080-exec-8" daemon [_thread_blocked, id=27040, stack(0x00000068dc500000,0x00000068dc600000)]
  0x0000019dd1db3230 JavaThread "http-nio-8080-exec-9" daemon [_thread_blocked, id=6160, stack(0x00000068dc600000,0x00000068dc700000)]
  0x0000019dd1db1ef0 JavaThread "http-nio-8080-exec-10" daemon [_thread_in_Java, id=22160, stack(0x00000068dc700000,0x00000068dc800000)]
  0x0000019dd1db23c0 JavaThread "http-nio-8080-Poller" daemon [_thread_in_native, id=30332, stack(0x00000068dc800000,0x00000068dc900000)]
  0x0000019dd1db2890 JavaThread "http-nio-8080-Acceptor" daemon [_thread_in_native, id=16772, stack(0x00000068dc900000,0x00000068dca00000)]
  0x0000019dd1d8b0b0 JavaThread "HikariPool-161 connection adder" daemon [_thread_blocked, id=13560, stack(0x00000068daf00000,0x00000068db000000)]

Other Threads:
  0x0000019db5a7e6b0 VMThread "VM Thread" [stack: 0x00000068d9700000,0x00000068d9800000] [id=22800]
  0x0000019dcd543770 WatcherThread [stack: 0x00000068da200000,0x00000068da300000] [id=17988]
  0x0000019db59f6900 GCTaskThread "GC Thread#0" [stack: 0x00000068d9200000,0x00000068d9300000] [id=28816]
  0x0000019dcdcaedd0 GCTaskThread "GC Thread#1" [stack: 0x00000068da500000,0x00000068da600000] [id=6572]
  0x0000019dcdf808c0 GCTaskThread "GC Thread#2" [stack: 0x00000068da600000,0x00000068da700000] [id=11192]
  0x0000019dcdeb2ea0 GCTaskThread "GC Thread#3" [stack: 0x00000068da700000,0x00000068da800000] [id=7232]
  0x0000019db5a005f0 ConcurrentGCThread "G1 Main Marker" [stack: 0x00000068d9300000,0x00000068d9400000] [id=23724]
  0x0000019db5a02650 ConcurrentGCThread "G1 Conc#0" [stack: 0x00000068d9400000,0x00000068d9500000] [id=16144]
  0x0000019db5a50f70 ConcurrentGCThread "G1 Refine#0" [stack: 0x00000068d9500000,0x00000068d9600000] [id=14196]
  0x0000019dcdd8a840 ConcurrentGCThread "G1 Refine#1" [stack: 0x00000068da800000,0x00000068da900000] [id=19804]
  0x0000019db5a51730 ConcurrentGCThread "G1 Service" [stack: 0x00000068d9600000,0x00000068d9700000] [id=30336]

Threads with active compile tasks:
C2 CompilerThread0  1976152877 32703       4       org.springframework.web.servlet.mvc.method.annotation.AbstractMessageConverterMethodProcessor$$Lambda$1196/0x00000001008b0800::apply (12 bytes)

VM state: not at safepoint (normal execution)

VM Mutex/Monitor currently owned by a thread: None

Heap address: 0x00000000c1e00000, size: 994 MB, Compressed Oops mode: 32-bit

CDS archive(s) not mapped
Compressed class space mapped at: 0x0000000100000000-0x0000000140000000, reserved size: 1073741824
Narrow klass base: 0x0000000000000000, Narrow klass shift: 3, Narrow klass range: 0x140000000

GC Precious Log:
 CPUs: 4 total, 4 available
 Memory: 3971M
 Large Page Support: Disabled
 NUMA Support: Disabled
 Compressed Oops: Enabled (32-bit)
 Heap Region Size: 1M
 Heap Min Capacity: 8M
 Heap Initial Capacity: 64M
 Heap Max Capacity: 994M
 Pre-touch: Disabled
 Parallel Workers: 4
 Concurrent Workers: 1
 Concurrent Refinement Workers: 4
 Periodic GC: Disabled

Heap:
 garbage-first heap   total 143360K, used 113044K [0x00000000c1e00000, 0x0000000100000000)
  region size 1024K, 44 young (45056K), 1 survivors (1024K)
 Metaspace       used 161836K, committed 165120K, reserved 1196032K
  class space    used 17049K, committed 18560K, reserved 1048576K

Heap Regions: E=young(eden), S=young(survivor), O=old, HS=humongous(starts), HC=humongous(continues), CS=collection set, F=free, OA=open archive, CA=closed archive, TAMS=top-at-mark-start (previous, next)
|   0|0x00000000c1e00000, 0x00000000c1f00000, 0x00000000c1f00000|100%|HS|  |TAMS 0x00000000c1f00000, 0x00000000c1e00000| Untracked 
|   1|0x00000000c1f00000, 0x00000000c2000000, 0x00000000c2000000|100%| O|  |TAMS 0x00000000c2000000, 0x00000000c1f00000| Untracked 
|   2|0x00000000c2000000, 0x00000000c2100000, 0x00000000c2100000|100%| O|  |TAMS 0x00000000c2100000, 0x00000000c2000000| Untracked 
|   3|0x00000000c2100000, 0x00000000c21ffff8, 0x00000000c2200000| 99%| O|  |TAMS 0x00000000c21ffff8, 0x00000000c2100000| Untracked 
|   4|0x00000000c2200000, 0x00000000c22fffd8, 0x00000000c2300000| 99%| O|  |TAMS 0x00000000c22fffd8, 0x00000000c2200000| Untracked 
|   5|0x00000000c2300000, 0x00000000c23ffff8, 0x00000000c2400000| 99%| O|  |TAMS 0x00000000c23ffff8, 0x00000000c2300000| Untracked 
|   6|0x00000000c2400000, 0x00000000c24fffd0, 0x00000000c2500000| 99%| O|  |TAMS 0x00000000c24fffd0, 0x00000000c2400000| Untracked 
|   7|0x00000000c2500000, 0x00000000c2600000, 0x00000000c2600000|100%| O|  |TAMS 0x00000000c2600000, 0x00000000c2500000| Untracked 
|   8|0x00000000c2600000, 0x00000000c26ffff0, 0x00000000c2700000| 99%| O|  |TAMS 0x00000000c26ffff0, 0x00000000c2600000| Untracked 
|   9|0x00000000c2700000, 0x00000000c27fffd8, 0x00000000c2800000| 99%| O|  |TAMS 0x00000000c27fffd8, 0x00000000c2700000| Untracked 
|  10|0x00000000c2800000, 0x00000000c28ffff8, 0x00000000c2900000| 99%| O|  |TAMS 0x00000000c28ffff8, 0x00000000c2800000| Untracked 
|  11|0x00000000c2900000, 0x00000000c29fffe8, 0x00000000c2a00000| 99%| O|  |TAMS 0x00000000c29fffe8, 0x00000000c2900000| Untracked 
|  12|0x00000000c2a00000, 0x00000000c2afffe0, 0x00000000c2b00000| 99%| O|  |TAMS 0x00000000c2afffe0, 0x00000000c2a00000| Untracked 
|  13|0x00000000c2b00000, 0x00000000c2bfffd8, 0x00000000c2c00000| 99%| O|  |TAMS 0x00000000c2bfffd8, 0x00000000c2b00000| Untracked 
|  14|0x00000000c2c00000, 0x00000000c2cffff0, 0x00000000c2d00000| 99%| O|  |TAMS 0x00000000c2cffff0, 0x00000000c2c00000| Untracked 
|  15|0x00000000c2d00000, 0x00000000c2dfffd0, 0x00000000c2e00000| 99%| O|  |TAMS 0x00000000c2dfffd0, 0x00000000c2d00000| Untracked 
|  16|0x00000000c2e00000, 0x00000000c2efffe0, 0x00000000c2f00000| 99%| O|  |TAMS 0x00000000c2efffe0, 0x00000000c2e00000| Untracked 
|  17|0x00000000c2f00000, 0x00000000c2fff560, 0x00000000c3000000| 99%| O|  |TAMS 0x00000000c2fff560, 0x00000000c2f00000| Untracked 
|  18|0x00000000c3000000, 0x00000000c3100000, 0x00000000c3100000|100%| O|  |TAMS 0x00000000c3100000, 0x00000000c3000000| Untracked 
|  19|0x00000000c3100000, 0x00000000c31fffe8, 0x00000000c3200000| 99%| O|  |TAMS 0x00000000c31fffe8, 0x00000000c3100000| Untracked 
|  20|0x00000000c3200000, 0x00000000c32fffe8, 0x00000000c3300000| 99%| O|  |TAMS 0x00000000c32fffe8, 0x00000000c3200000| Untracked 
|  21|0x00000000c3300000, 0x00000000c33fffb8, 0x00000000c3400000| 99%| O|  |TAMS 0x00000000c33fffb8, 0x00000000c3300000| Untracked 
|  22|0x00000000c3400000, 0x00000000c34fffb0, 0x00000000c3500000| 99%| O|  |TAMS 0x00000000c34fffb0, 0x00000000c3400000| Untracked 
|  23|0x00000000c3500000, 0x00000000c35fff98, 0x00000000c3600000| 99%| O|  |TAMS 0x00000000c35fff98, 0x00000000c3500000| Untracked 
|  24|0x00000000c3600000, 0x00000000c3700000, 0x00000000c3700000|100%| O|  |TAMS 0x00000000c3700000, 0x00000000c3600000| Untracked 
|  25|0x00000000c3700000, 0x00000000c37fffd0, 0x00000000c3800000| 99%| O|  |TAMS 0x00000000c37fffd0, 0x00000000c3700000| Untracked 
|  26|0x00000000c3800000, 0x00000000c38ffff8, 0x00000000c3900000| 99%| O|  |TAMS 0x00000000c38ffff8, 0x00000000c3800000| Untracked 
|  27|0x00000000c3900000, 0x00000000c3a00000, 0x00000000c3a00000|100%| O|  |TAMS 0x00000000c3a00000, 0x00000000c3900000| Untracked 
|  28|0x00000000c3a00000, 0x00000000c3afffc0, 0x00000000c3b00000| 99%| O|  |TAMS 0x00000000c3afffc0, 0x00000000c3a00000| Untracked 
|  29|0x00000000c3b00000, 0x00000000c3bffff8, 0x00000000c3c00000| 99%| O|  |TAMS 0x00000000c3bffff8, 0x00000000c3b00000| Untracked 
|  30|0x00000000c3c00000, 0x00000000c3cfffe8, 0x00000000c3d00000| 99%| O|  |TAMS 0x00000000c3cfffe8, 0x00000000c3c00000| Untracked 
|  31|0x00000000c3d00000, 0x00000000c3dfffc0, 0x00000000c3e00000| 99%| O|  |TAMS 0x00000000c3dfffc0, 0x00000000c3d00000| Untracked 
|  32|0x00000000c3e00000, 0x00000000c3efffd8, 0x00000000c3f00000| 99%| O|  |TAMS 0x00000000c3efffd8, 0x00000000c3e00000| Untracked 
|  33|0x00000000c3f00000, 0x00000000c3ffffc8, 0x00000000c4000000| 99%| O|  |TAMS 0x00000000c3ffffc8, 0x00000000c3f00000| Untracked 
|  34|0x00000000c4000000, 0x00000000c40fffd0, 0x00000000c4100000| 99%| O|  |TAMS 0x00000000c40fffd0, 0x00000000c4000000| Untracked 
|  35|0x00000000c4100000, 0x00000000c41fffb0, 0x00000000c4200000| 99%| O|  |TAMS 0x00000000c41fffb0, 0x00000000c4100000| Untracked 
|  36|0x00000000c4200000, 0x00000000c42ffff0, 0x00000000c4300000| 99%| O|  |TAMS 0x00000000c42ffff0, 0x00000000c4200000| Untracked 
|  37|0x00000000c4300000, 0x00000000c43fffb0, 0x00000000c4400000| 99%| O|  |TAMS 0x00000000c43fffb0, 0x00000000c4300000| Untracked 
|  38|0x00000000c4400000, 0x00000000c44ffff8, 0x00000000c4500000| 99%| O|  |TAMS 0x00000000c44ffff8, 0x00000000c4400000| Untracked 
|  39|0x00000000c4500000, 0x00000000c45fffd8, 0x00000000c4600000| 99%| O|  |TAMS 0x00000000c45fffd8, 0x00000000c4500000| Untracked 
|  40|0x00000000c4600000, 0x00000000c46fffc8, 0x00000000c4700000| 99%| O|  |TAMS 0x00000000c46fffc8, 0x00000000c4600000| Untracked 
|  41|0x00000000c4700000, 0x00000000c47fffe0, 0x00000000c4800000| 99%| O|  |TAMS 0x00000000c4700000, 0x00000000c4700000| Untracked 
|  42|0x00000000c4800000, 0x00000000c48ffff0, 0x00000000c4900000| 99%| O|  |TAMS 0x00000000c4800000, 0x00000000c4800000| Untracked 
|  43|0x00000000c4900000, 0x00000000c4a00000, 0x00000000c4a00000|100%| O|  |TAMS 0x00000000c4900000, 0x00000000c4900000| Untracked 
|  44|0x00000000c4a00000, 0x00000000c4ad1178, 0x00000000c4b00000| 81%| O|  |TAMS 0x00000000c4a00000, 0x00000000c4a00000| Untracked 
|  45|0x00000000c4b00000, 0x00000000c4c00000, 0x00000000c4c00000|100%| O|  |TAMS 0x00000000c4b00000, 0x00000000c4b00000| Untracked 
|  46|0x00000000c4c00000, 0x00000000c4c09210, 0x00000000c4d00000|  3%| O|  |TAMS 0x00000000c4c00000, 0x00000000c4c00000| Untracked 
|  47|0x00000000c4d00000, 0x00000000c4e00000, 0x00000000c4e00000|100%| O|  |TAMS 0x00000000c4d00000, 0x00000000c4d00000| Untracked 
|  48|0x00000000c4e00000, 0x00000000c4f00000, 0x00000000c4f00000|100%| O|  |TAMS 0x00000000c4e00000, 0x00000000c4e00000| Untracked 
|  49|0x00000000c4f00000, 0x00000000c5000000, 0x00000000c5000000|100%| O|  |TAMS 0x00000000c4f00000, 0x00000000c4f00000| Untracked 
|  50|0x00000000c5000000, 0x00000000c5100000, 0x00000000c5100000|100%| O|  |TAMS 0x00000000c5000000, 0x00000000c5000000| Untracked 
|  51|0x00000000c5100000, 0x00000000c5200000, 0x00000000c5200000|100%| O|  |TAMS 0x00000000c5100000, 0x00000000c5100000| Untracked 
|  52|0x00000000c5200000, 0x00000000c5300000, 0x00000000c5300000|100%| O|  |TAMS 0x00000000c5200000, 0x00000000c5200000| Untracked 
|  53|0x00000000c5300000, 0x00000000c5400000, 0x00000000c5400000|100%| O|  |TAMS 0x00000000c5300000, 0x00000000c5300000| Untracked 
|  54|0x00000000c5400000, 0x00000000c5500000, 0x00000000c5500000|100%| O|  |TAMS 0x00000000c5400000, 0x00000000c5400000| Untracked 
|  55|0x00000000c5500000, 0x00000000c5600000, 0x00000000c5600000|100%| O|  |TAMS 0x00000000c5500000, 0x00000000c5500000| Untracked 
|  56|0x00000000c5600000, 0x00000000c5700000, 0x00000000c5700000|100%| O|  |TAMS 0x00000000c5600000, 0x00000000c5600000| Untracked 
|  57|0x00000000c5700000, 0x00000000c5800000, 0x00000000c5800000|100%| O|  |TAMS 0x00000000c5700000, 0x00000000c5700000| Untracked 
|  58|0x00000000c5800000, 0x00000000c5900000, 0x00000000c5900000|100%| O|  |TAMS 0x00000000c5800000, 0x00000000c5800000| Untracked 
|  59|0x00000000c5900000, 0x00000000c5a00000, 0x00000000c5a00000|100%| O|  |TAMS 0x00000000c5900000, 0x00000000c5900000| Untracked 
|  60|0x00000000c5a00000, 0x00000000c5b00000, 0x00000000c5b00000|100%| O|  |TAMS 0x00000000c5a00000, 0x00000000c5a00000| Untracked 
|  61|0x00000000c5b00000, 0x00000000c5c00000, 0x00000000c5c00000|100%| O|  |TAMS 0x00000000c5b00000, 0x00000000c5b00000| Untracked 
|  62|0x00000000c5c00000, 0x00000000c5d00000, 0x00000000c5d00000|100%| O|  |TAMS 0x00000000c5c00000, 0x00000000c5c00000| Untracked 
|  63|0x00000000c5d00000, 0x00000000c5e00000, 0x00000000c5e00000|100%| O|  |TAMS 0x00000000c5d00000, 0x00000000c5d00000| Untracked 
|  64|0x00000000c5e00000, 0x00000000c5f00000, 0x00000000c5f00000|100%| O|  |TAMS 0x00000000c5e00000, 0x00000000c5e00000| Untracked 
|  65|0x00000000c5f00000, 0x00000000c6000000, 0x00000000c6000000|100%| O|  |TAMS 0x00000000c5f00000, 0x00000000c5f00000| Untracked 
|  66|0x00000000c6000000, 0x00000000c6100000, 0x00000000c6100000|100%| O|  |TAMS 0x00000000c6000000, 0x00000000c6000000| Untracked 
|  67|0x00000000c6100000, 0x00000000c6200000, 0x00000000c6200000|100%| O|  |TAMS 0x00000000c6100000, 0x00000000c6100000| Untracked 
|  68|0x00000000c6200000, 0x00000000c627b000, 0x00000000c6300000| 48%| O|  |TAMS 0x00000000c6200000, 0x00000000c6200000| Untracked 
|  69|0x00000000c6300000, 0x00000000c6300000, 0x00000000c6400000|  0%| F|  |TAMS 0x00000000c6300000, 0x00000000c6300000| Untracked 
|  70|0x00000000c6400000, 0x00000000c6400000, 0x00000000c6500000|  0%| F|  |TAMS 0x00000000c6400000, 0x00000000c6400000| Untracked 
|  71|0x00000000c6500000, 0x00000000c6500000, 0x00000000c6600000|  0%| F|  |TAMS 0x00000000c6500000, 0x00000000c6500000| Untracked 
|  72|0x00000000c6600000, 0x00000000c6600000, 0x00000000c6700000|  0%| F|  |TAMS 0x00000000c6600000, 0x00000000c6600000| Untracked 
|  73|0x00000000c6700000, 0x00000000c6700000, 0x00000000c6800000|  0%| F|  |TAMS 0x00000000c6700000, 0x00000000c6700000| Untracked 
|  74|0x00000000c6800000, 0x00000000c6800000, 0x00000000c6900000|  0%| F|  |TAMS 0x00000000c6800000, 0x00000000c6800000| Untracked 
|  75|0x00000000c6900000, 0x00000000c6900000, 0x00000000c6a00000|  0%| F|  |TAMS 0x00000000c6900000, 0x00000000c6900000| Untracked 
|  76|0x00000000c6a00000, 0x00000000c6a00000, 0x00000000c6b00000|  0%| F|  |TAMS 0x00000000c6a00000, 0x00000000c6a00000| Untracked 
|  77|0x00000000c6b00000, 0x00000000c6b00000, 0x00000000c6c00000|  0%| F|  |TAMS 0x00000000c6b00000, 0x00000000c6b00000| Untracked 
|  78|0x00000000c6c00000, 0x00000000c6c00000, 0x00000000c6d00000|  0%| F|  |TAMS 0x00000000c6c00000, 0x00000000c6c00000| Untracked 
|  79|0x00000000c6d00000, 0x00000000c6d00000, 0x00000000c6e00000|  0%| F|  |TAMS 0x00000000c6d00000, 0x00000000c6d00000| Untracked 
|  80|0x00000000c6e00000, 0x00000000c6e00000, 0x00000000c6f00000|  0%| F|  |TAMS 0x00000000c6e00000, 0x00000000c6e00000| Untracked 
|  81|0x00000000c6f00000, 0x00000000c6f00000, 0x00000000c7000000|  0%| F|  |TAMS 0x00000000c6f00000, 0x00000000c6f00000| Untracked 
|  82|0x00000000c7000000, 0x00000000c7000000, 0x00000000c7100000|  0%| F|  |TAMS 0x00000000c7000000, 0x00000000c7000000| Untracked 
|  83|0x00000000c7100000, 0x00000000c71dcee0, 0x00000000c7200000| 86%| S|CS|TAMS 0x00000000c7100000, 0x00000000c7100000| Complete 
|  84|0x00000000c7200000, 0x00000000c7200000, 0x00000000c7300000|  0%| F|  |TAMS 0x00000000c7200000, 0x00000000c7200000| Untracked 
|  85|0x00000000c7300000, 0x00000000c7300000, 0x00000000c7400000|  0%| F|  |TAMS 0x00000000c7300000, 0x00000000c7300000| Untracked 
|  86|0x00000000c7400000, 0x00000000c7400000, 0x00000000c7500000|  0%| F|  |TAMS 0x00000000c7400000, 0x00000000c7400000| Untracked 
|  87|0x00000000c7500000, 0x00000000c7500000, 0x00000000c7600000|  0%| F|  |TAMS 0x00000000c7500000, 0x00000000c7500000| Untracked 
|  88|0x00000000c7600000, 0x00000000c7600000, 0x00000000c7700000|  0%| F|  |TAMS 0x00000000c7600000, 0x00000000c7600000| Untracked 
|  89|0x00000000c7700000, 0x00000000c7700000, 0x00000000c7800000|  0%| F|  |TAMS 0x00000000c7700000, 0x00000000c7700000| Untracked 
|  90|0x00000000c7800000, 0x00000000c7800000, 0x00000000c7900000|  0%| F|  |TAMS 0x00000000c7800000, 0x00000000c7800000| Untracked 
|  91|0x00000000c7900000, 0x00000000c7900000, 0x00000000c7a00000|  0%| F|  |TAMS 0x00000000c7900000, 0x00000000c7900000| Untracked 
|  92|0x00000000c7a00000, 0x00000000c7a00000, 0x00000000c7b00000|  0%| F|  |TAMS 0x00000000c7a00000, 0x00000000c7a00000| Untracked 
|  93|0x00000000c7b00000, 0x00000000c7b00000, 0x00000000c7c00000|  0%| F|  |TAMS 0x00000000c7b00000, 0x00000000c7b00000| Untracked 
|  94|0x00000000c7c00000, 0x00000000c7c00000, 0x00000000c7d00000|  0%| F|  |TAMS 0x00000000c7c00000, 0x00000000c7c00000| Untracked 
|  95|0x00000000c7d00000, 0x00000000c7d00000, 0x00000000c7e00000|  0%| F|  |TAMS 0x00000000c7d00000, 0x00000000c7d00000| Untracked 
|  96|0x00000000c7e00000, 0x00000000c7ec5970, 0x00000000c7f00000| 77%| E|  |TAMS 0x00000000c7e00000, 0x00000000c7e00000| Complete 
|  97|0x00000000c7f00000, 0x00000000c8000000, 0x00000000c8000000|100%| E|CS|TAMS 0x00000000c7f00000, 0x00000000c7f00000| Complete 
|  98|0x00000000c8000000, 0x00000000c8100000, 0x00000000c8100000|100%| E|CS|TAMS 0x00000000c8000000, 0x00000000c8000000| Complete 
|  99|0x00000000c8100000, 0x00000000c8200000, 0x00000000c8200000|100%| E|CS|TAMS 0x00000000c8100000, 0x00000000c8100000| Complete 
| 100|0x00000000c8200000, 0x00000000c8300000, 0x00000000c8300000|100%| E|CS|TAMS 0x00000000c8200000, 0x00000000c8200000| Complete 
| 101|0x00000000c8300000, 0x00000000c8400000, 0x00000000c8400000|100%| E|CS|TAMS 0x00000000c8300000, 0x00000000c8300000| Complete 
| 102|0x00000000c8400000, 0x00000000c8500000, 0x00000000c8500000|100%| E|CS|TAMS 0x00000000c8400000, 0x00000000c8400000| Complete 
| 103|0x00000000c8500000, 0x00000000c8600000, 0x00000000c8600000|100%| E|CS|TAMS 0x00000000c8500000, 0x00000000c8500000| Complete 
| 104|0x00000000c8600000, 0x00000000c8700000, 0x00000000c8700000|100%| E|CS|TAMS 0x00000000c8600000, 0x00000000c8600000| Complete 
| 105|0x00000000c8700000, 0x00000000c8800000, 0x00000000c8800000|100%| E|CS|TAMS 0x00000000c8700000, 0x00000000c8700000| Complete 
| 106|0x00000000c8800000, 0x00000000c8900000, 0x00000000c8900000|100%| E|CS|TAMS 0x00000000c8800000, 0x00000000c8800000| Complete 
| 107|0x00000000c8900000, 0x00000000c8a00000, 0x00000000c8a00000|100%| E|CS|TAMS 0x00000000c8900000, 0x00000000c8900000| Complete 
| 108|0x00000000c8a00000, 0x00000000c8b00000, 0x00000000c8b00000|100%| E|CS|TAMS 0x00000000c8a00000, 0x00000000c8a00000| Complete 
| 109|0x00000000c8b00000, 0x00000000c8c00000, 0x00000000c8c00000|100%| E|CS|TAMS 0x00000000c8b00000, 0x00000000c8b00000| Complete 
| 110|0x00000000c8c00000, 0x00000000c8d00000, 0x00000000c8d00000|100%| E|CS|TAMS 0x00000000c8c00000, 0x00000000c8c00000| Complete 
| 111|0x00000000c8d00000, 0x00000000c8e00000, 0x00000000c8e00000|100%| E|CS|TAMS 0x00000000c8d00000, 0x00000000c8d00000| Complete 
| 112|0x00000000c8e00000, 0x00000000c8f00000, 0x00000000c8f00000|100%| E|CS|TAMS 0x00000000c8e00000, 0x00000000c8e00000| Complete 
| 113|0x00000000c8f00000, 0x00000000c9000000, 0x00000000c9000000|100%| E|CS|TAMS 0x00000000c8f00000, 0x00000000c8f00000| Complete 
| 114|0x00000000c9000000, 0x00000000c9100000, 0x00000000c9100000|100%| E|CS|TAMS 0x00000000c9000000, 0x00000000c9000000| Complete 
| 115|0x00000000c9100000, 0x00000000c9200000, 0x00000000c9200000|100%| E|CS|TAMS 0x00000000c9100000, 0x00000000c9100000| Complete 
| 116|0x00000000c9200000, 0x00000000c9300000, 0x00000000c9300000|100%| E|CS|TAMS 0x00000000c9200000, 0x00000000c9200000| Complete 
| 117|0x00000000c9300000, 0x00000000c9400000, 0x00000000c9400000|100%| E|CS|TAMS 0x00000000c9300000, 0x00000000c9300000| Complete 
| 118|0x00000000c9400000, 0x00000000c9500000, 0x00000000c9500000|100%| E|CS|TAMS 0x00000000c9400000, 0x00000000c9400000| Complete 
| 119|0x00000000c9500000, 0x00000000c9600000, 0x00000000c9600000|100%| E|CS|TAMS 0x00000000c9500000, 0x00000000c9500000| Complete 
| 120|0x00000000c9600000, 0x00000000c9700000, 0x00000000c9700000|100%| E|CS|TAMS 0x00000000c9600000, 0x00000000c9600000| Complete 
| 121|0x00000000c9700000, 0x00000000c9800000, 0x00000000c9800000|100%| E|CS|TAMS 0x00000000c9700000, 0x00000000c9700000| Complete 
| 122|0x00000000c9800000, 0x00000000c9900000, 0x00000000c9900000|100%| E|CS|TAMS 0x00000000c9800000, 0x00000000c9800000| Complete 
| 123|0x00000000c9900000, 0x00000000c9933f38, 0x00000000c9a00000| 20%| O|  |TAMS 0x00000000c9900000, 0x00000000c9900000| Untracked 
| 124|0x00000000c9a00000, 0x00000000c9b00000, 0x00000000c9b00000|100%| E|CS|TAMS 0x00000000c9a00000, 0x00000000c9a00000| Complete 
| 125|0x00000000c9b00000, 0x00000000c9c00000, 0x00000000c9c00000|100%| E|CS|TAMS 0x00000000c9b00000, 0x00000000c9b00000| Complete 
| 126|0x00000000c9c00000, 0x00000000c9d00000, 0x00000000c9d00000|100%| E|CS|TAMS 0x00000000c9c00000, 0x00000000c9c00000| Complete 
| 127|0x00000000c9d00000, 0x00000000c9e00000, 0x00000000c9e00000|100%| E|CS|TAMS 0x00000000c9d00000, 0x00000000c9d00000| Complete 
| 128|0x00000000c9e00000, 0x00000000c9f00000, 0x00000000c9f00000|100%| E|CS|TAMS 0x00000000c9e00000, 0x00000000c9e00000| Complete 
| 129|0x00000000c9f00000, 0x00000000ca000000, 0x00000000ca000000|100%| E|CS|TAMS 0x00000000c9f00000, 0x00000000c9f00000| Complete 
| 130|0x00000000ca000000, 0x00000000ca100000, 0x00000000ca100000|100%| E|CS|TAMS 0x00000000ca000000, 0x00000000ca000000| Complete 
| 131|0x00000000ca100000, 0x00000000ca200000, 0x00000000ca200000|100%| E|CS|TAMS 0x00000000ca100000, 0x00000000ca100000| Complete 
| 132|0x00000000ca200000, 0x00000000ca300000, 0x00000000ca300000|100%| E|CS|TAMS 0x00000000ca200000, 0x00000000ca200000| Complete 
| 133|0x00000000ca300000, 0x00000000ca400000, 0x00000000ca400000|100%| E|CS|TAMS 0x00000000ca300000, 0x00000000ca300000| Complete 
| 134|0x00000000ca400000, 0x00000000ca500000, 0x00000000ca500000|100%| E|CS|TAMS 0x00000000ca400000, 0x00000000ca400000| Complete 
| 135|0x00000000ca500000, 0x00000000ca600000, 0x00000000ca600000|100%| E|CS|TAMS 0x00000000ca500000, 0x00000000ca500000| Complete 
| 136|0x00000000ca600000, 0x00000000ca700000, 0x00000000ca700000|100%| E|CS|TAMS 0x00000000ca600000, 0x00000000ca600000| Complete 
| 137|0x00000000ca700000, 0x00000000ca800000, 0x00000000ca800000|100%| E|CS|TAMS 0x00000000ca700000, 0x00000000ca700000| Complete 
| 138|0x00000000ca800000, 0x00000000ca900000, 0x00000000ca900000|100%| E|CS|TAMS 0x00000000ca800000, 0x00000000ca800000| Complete 
| 139|0x00000000ca900000, 0x00000000caa00000, 0x00000000caa00000|100%| E|CS|TAMS 0x00000000ca900000, 0x00000000ca900000| Complete 

Card table byte_map: [0x0000019dc8270000,0x0000019dc8470000] _byte_map_base: 0x0000019dc7c61000

Marking Bits (Prev, Next): (CMBitMap*) 0x0000019db59f7f20, (CMBitMap*) 0x0000019db59f7f60
 Prev Bits: [0x0000019dc8670000, 0x0000019dc95f8000)
 Next Bits: [0x0000019dc9600000, 0x0000019dca588000)

Polling page: 0x0000019db3930000

Metaspace:

Usage:
  Non-class:    141.39 MB used.
      Class:     16.65 MB used.
       Both:    158.04 MB used.

Virtual space:
  Non-class space:      144.00 MB reserved,     143.12 MB (>99%) committed,  18 nodes.
      Class space:        1.00 GB reserved,      18.12 MB (  2%) committed,  1 nodes.
             Both:        1.14 GB reserved,     161.25 MB ( 14%) committed. 

Chunk freelists:
   Non-Class:  96.00 KB
       Class:  1.72 MB
        Both:  1.81 MB

MaxMetaspaceSize: unlimited
CompressedClassSpaceSize: 1.00 GB
Initial GC threshold: 21.00 MB
Current GC threshold: 267.31 MB
CDS: off
MetaspaceReclaimPolicy: balanced
 - commit_granule_bytes: 65536.
 - commit_granule_words: 8192.
 - virtual_space_node_default_size: 1048576.
 - enlarge_chunks_in_place: 1.
 - new_chunks_are_fully_committed: 0.
 - uncommit_free_chunks: 1.
 - use_allocation_guard: 0.
 - handle_deallocations: 1.


Internal statistics:

num_allocs_failed_limit: 6.
num_arena_births: 12012.
num_arena_deaths: 9436.
num_vsnodes_births: 19.
num_vsnodes_deaths: 0.
num_space_committed: 2590.
num_space_uncommitted: 10.
num_chunks_returned_to_freelist: 12371.
num_chunks_taken_from_freelist: 25833.
num_chunk_merges: 3487.
num_chunk_splits: 10222.
num_chunks_enlarged: 3717.
num_purges: 304.
num_inconsistent_stats: 0.

CodeHeap 'non-profiled nmethods': size=120000Kb used=30860Kb max_used=30979Kb free=89139Kb
 bounds [0x0000019dc0b40000, 0x0000019dc2990000, 0x0000019dc8070000]
CodeHeap 'profiled nmethods': size=120000Kb used=43740Kb max_used=44845Kb free=76259Kb
 bounds [0x0000019db9070000, 0x0000019dbbc60000, 0x0000019dc05a0000]
CodeHeap 'non-nmethods': size=5760Kb used=1325Kb max_used=1456Kb free=4434Kb
 bounds [0x0000019dc05a0000, 0x0000019dc0810000, 0x0000019dc0b40000]
 total_blobs=23987 nmethods=23332 adapters=566
 compilation: enabled
              stopped_count=0, restarted_count=0
 full_count=0

Compilation events (20 events):
Event: 1976150.290 Thread 0x0000019dcca8fdd0 nmethod 32693 0x0000019dc2980c10 code [0x0000019dc2980d80, 0x0000019dc2980ed8]
Event: 1976150.290 Thread 0x0000019dcca8fdd0 32694   !   4       org.apache.coyote.http11.Http11Processor::endRequest (170 bytes)
Event: 1976150.365 Thread 0x0000019dcca8fdd0 nmethod 32694 0x0000019dc0e62010 code [0x0000019dc0e622e0, 0x0000019dc0e63198]
Event: 1976150.367 Thread 0x0000019dcca8fdd0 32695       4       org.apache.coyote.http11.Http11InputBuffer::nextRequest (141 bytes)
Event: 1976150.387 Thread 0x0000019dcca8fdd0 nmethod 32695 0x0000019dc0e61710 code [0x0000019dc0e618c0, 0x0000019dc0e61d08]
Event: 1976150.387 Thread 0x0000019dcca8fdd0 32696       4       org.apache.coyote.RequestInfo::updateCounters (136 bytes)
Event: 1976150.403 Thread 0x0000019dcca8fdd0 nmethod 32696 0x0000019dc0e60d10 code [0x0000019dc0e60ec0, 0x0000019dc0e61458]
Event: 1976150.544 Thread 0x0000019dcca8fdd0 32697       4       org.hibernate.query.internal.AbstractProducedQuery::uniqueElement (61 bytes)
Event: 1976150.547 Thread 0x0000019dcca8fdd0 nmethod 32697 0x0000019dc0e60810 code [0x0000019dc0e609a0, 0x0000019dc0e60ad8]
Event: 1976150.584 Thread 0x0000019dcca8fdd0 32698       4       org.hibernate.engine.internal.EntityEntryContext$EntityEntryCrossRefImpl::getValue (5 bytes)
Event: 1976150.585 Thread 0x0000019dcca8fdd0 nmethod 32698 0x0000019dc0e60510 code [0x0000019dc0e60680, 0x0000019dc0e606f8]
Event: 1976151.615 Thread 0x0000019dcca8fdd0 32699       4       org.springframework.security.authentication.AbstractAuthenticationToken::getName (89 bytes)
Event: 1976151.628 Thread 0x0000019dcca8fdd0 nmethod 32699 0x0000019dc16f2a10 code [0x0000019dc16f2be0, 0x0000019dc16f2f78]
Event: 1976152.227 Thread 0x0000019dcca8fdd0 32700       4       java.util.concurrent.ConcurrentLinkedQueue$Itr::next (96 bytes)
Event: 1976152.235 Thread 0x0000019dcca8fdd0 nmethod 32700 0x0000019dc16f2390 code [0x0000019dc16f2500, 0x0000019dc16f28f8]
Event: 1976152.235 Thread 0x0000019dcca8fdd0 32701       4       org.hibernate.internal.util.collections.BoundedConcurrentHashMap$LIRSHashEntry::hit (93 bytes)
Event: 1976152.252 Thread 0x0000019dcca8fdd0 nmethod 32701 0x0000019dc0e5f710 code [0x0000019dc0e5f8c0, 0x0000019dc0e600d8]
Event: 1976152.253 Thread 0x0000019dcca8fdd0 32702       4       org.hibernate.internal.util.collections.BoundedConcurrentHashMap$LIRS::pruneStack (50 bytes)
Event: 1976152.254 Thread 0x0000019dcca8fdd0 nmethod 32702 0x0000019dc16f1f90 code [0x0000019dc16f2120, 0x0000019dc16f2218]
Event: 1976152.298 Thread 0x0000019dcca8fdd0 32703       4       org.springframework.web.servlet.mvc.method.annotation.AbstractMessageConverterMethodProcessor$$Lambda$1196/0x00000001008b0800::apply (12 bytes)

GC Heap History (20 events):
Event: 1976054.151 GC heap before
{Heap before GC invocations=3305 (full 148):
 garbage-first heap   total 143360K, used 125585K [0x00000000c1e00000, 0x0000000100000000)
  region size 1024K, 56 young (57344K), 1 survivors (1024K)
 Metaspace       used 161788K, committed 165056K, reserved 1196032K
  class space    used 17044K, committed 18560K, reserved 1048576K
}
Event: 1976054.331 GC heap after
{Heap after GC invocations=3306 (full 148):
 garbage-first heap   total 143360K, used 69363K [0x00000000c1e00000, 0x0000000100000000)
  region size 1024K, 1 young (1024K), 1 survivors (1024K)
 Metaspace       used 161788K, committed 165056K, reserved 1196032K
  class space    used 17044K, committed 18560K, reserved 1048576K
}
Event: 1976063.850 GC heap before
{Heap before GC invocations=3306 (full 148):
 garbage-first heap   total 143360K, used 125683K [0x00000000c1e00000, 0x0000000100000000)
  region size 1024K, 56 young (57344K), 1 survivors (1024K)
 Metaspace       used 161809K, committed 165120K, reserved 1196032K
  class space    used 17045K, committed 18560K, reserved 1048576K
}
Event: 1976063.883 GC heap after
{Heap after GC invocations=3307 (full 148):
 garbage-first heap   total 143360K, used 69408K [0x00000000c1e00000, 0x0000000100000000)
  region size 1024K, 1 young (1024K), 1 survivors (1024K)
 Metaspace       used 161809K, committed 165120K, reserved 1196032K
  class space    used 17045K, committed 18560K, reserved 1048576K
}
Event: 1976086.694 GC heap before
{Heap before GC invocations=3307 (full 148):
 garbage-first heap   total 143360K, used 125728K [0x00000000c1e00000, 0x0000000100000000)
  region size 1024K, 56 young (57344K), 1 survivors (1024K)
 Metaspace       used 161819K, committed 165120K, reserved 1196032K
  class space    used 17045K, committed 18560K, reserved 1048576K
}
Event: 1976086.779 GC heap after
{Heap after GC invocations=3308 (full 148):
 garbage-first heap   total 143360K, used 69780K [0x00000000c1e00000, 0x0000000100000000)
  region size 1024K, 2 young (2048K), 2 survivors (2048K)
 Metaspace       used 161819K, committed 165120K, reserved 1196032K
  class space    used 17045K, committed 18560K, reserved 1048576K
}
Event: 1976113.815 GC heap before
{Heap before GC invocations=3308 (full 148):
 garbage-first heap   total 143360K, used 124052K [0x00000000c1e00000, 0x0000000100000000)
  region size 1024K, 55 young (56320K), 2 survivors (2048K)
 Metaspace       used 161824K, committed 165120K, reserved 1196032K
  class space    used 17045K, committed 18560K, reserved 1048576K
}
Event: 1976113.863 GC heap after
{Heap after GC invocations=3309 (full 148):
 garbage-first heap   total 143360K, used 69934K [0x00000000c1e00000, 0x0000000100000000)
  region size 1024K, 2 young (2048K), 2 survivors (2048K)
 Metaspace       used 161824K, committed 165120K, reserved 1196032K
  class space    used 17045K, committed 18560K, reserved 1048576K
}
Event: 1976121.656 GC heap before
{Heap before GC invocations=3309 (full 148):
 garbage-first heap   total 143360K, used 123182K [0x00000000c1e00000, 0x0000000100000000)
  region size 1024K, 54 young (55296K), 2 survivors (2048K)
 Metaspace       used 161824K, committed 165120K, reserved 1196032K
  class space    used 17045K, committed 18560K, reserved 1048576K
}
Event: 1976121.670 GC heap after
{Heap after GC invocations=3310 (full 148):
 garbage-first heap   total 143360K, used 69981K [0x00000000c1e00000, 0x0000000100000000)
  region size 1024K, 1 young (1024K), 1 survivors (1024K)
 Metaspace       used 161824K, committed 165120K, reserved 1196032K
  class space    used 17045K, committed 18560K, reserved 1048576K
}
Event: 1976128.468 GC heap before
{Heap before GC invocations=3310 (full 148):
 garbage-first heap   total 143360K, used 125277K [0x00000000c1e00000, 0x0000000100000000)
  region size 1024K, 55 young (56320K), 1 survivors (1024K)
 Metaspace       used 161825K, committed 165120K, reserved 1196032K
  class space    used 17045K, committed 18560K, reserved 1048576K
}
Event: 1976128.473 GC heap after
{Heap after GC invocations=3311 (full 148):
 garbage-first heap   total 143360K, used 69912K [0x00000000c1e00000, 0x0000000100000000)
  region size 1024K, 1 young (1024K), 1 survivors (1024K)
 Metaspace       used 161825K, committed 165120K, reserved 1196032K
  class space    used 17045K, committed 18560K, reserved 1048576K
}
Event: 1976133.832 GC heap before
{Heap before GC invocations=3311 (full 148):
 garbage-first heap   total 143360K, used 125208K [0x00000000c1e00000, 0x0000000100000000)
  region size 1024K, 55 young (56320K), 1 survivors (1024K)
 Metaspace       used 161825K, committed 165120K, reserved 1196032K
  class space    used 17045K, committed 18560K, reserved 1048576K
}
Event: 1976133.836 GC heap after
{Heap after GC invocations=3312 (full 148):
 garbage-first heap   total 143360K, used 69890K [0x00000000c1e00000, 0x0000000100000000)
  region size 1024K, 1 young (1024K), 1 survivors (1024K)
 Metaspace       used 161825K, committed 165120K, reserved 1196032K
  class space    used 17045K, committed 18560K, reserved 1048576K
}
Event: 1976140.499 GC heap before
{Heap before GC invocations=3312 (full 148):
 garbage-first heap   total 143360K, used 125186K [0x00000000c1e00000, 0x0000000100000000)
  region size 1024K, 55 young (56320K), 1 survivors (1024K)
 Metaspace       used 161827K, committed 165120K, reserved 1196032K
  class space    used 17045K, committed 18560K, reserved 1048576K
}
Event: 1976140.512 GC heap after
{Heap after GC invocations=3313 (full 148):
 garbage-first heap   total 143360K, used 69991K [0x00000000c1e00000, 0x0000000100000000)
  region size 1024K, 1 young (1024K), 1 survivors (1024K)
 Metaspace       used 161827K, committed 165120K, reserved 1196032K
  class space    used 17045K, committed 18560K, reserved 1048576K
}
Event: 1976145.141 GC heap before
{Heap before GC invocations=3313 (full 148):
 garbage-first heap   total 143360K, used 125287K [0x00000000c1e00000, 0x0000000100000000)
  region size 1024K, 55 young (56320K), 1 survivors (1024K)
 Metaspace       used 161831K, committed 165120K, reserved 1196032K
  class space    used 17048K, committed 18560K, reserved 1048576K
}
Event: 1976145.148 GC heap after
{Heap after GC invocations=3314 (full 148):
 garbage-first heap   total 143360K, used 69930K [0x00000000c1e00000, 0x0000000100000000)
  region size 1024K, 1 young (1024K), 1 survivors (1024K)
 Metaspace       used 161831K, committed 165120K, reserved 1196032K
  class space    used 17048K, committed 18560K, reserved 1048576K
}
Event: 1976149.127 GC heap before
{Heap before GC invocations=3314 (full 148):
 garbage-first heap   total 143360K, used 125226K [0x00000000c1e00000, 0x0000000100000000)
  region size 1024K, 55 young (56320K), 1 survivors (1024K)
 Metaspace       used 161836K, committed 165120K, reserved 1196032K
  class space    used 17049K, committed 18560K, reserved 1048576K
}
Event: 1976149.131 GC heap after
{Heap after GC invocations=3315 (full 148):
 garbage-first heap   total 143360K, used 70036K [0x00000000c1e00000, 0x0000000100000000)
  region size 1024K, 1 young (1024K), 1 survivors (1024K)
 Metaspace       used 161836K, committed 165120K, reserved 1196032K
  class space    used 17049K, committed 18560K, reserved 1048576K
}

Dll operation events (9 events):
Event: 0.014 Loaded shared library C:\Users\Branislav\.p2\pool\plugins\org.eclipse.justj.openjdk.hotspot.jre.full.win32.x86_64_17.0.6.v20230204-1729\jre\bin\java.dll
Event: 0.353 Loaded shared library C:\Users\Branislav\.p2\pool\plugins\org.eclipse.justj.openjdk.hotspot.jre.full.win32.x86_64_17.0.6.v20230204-1729\jre\bin\net.dll
Event: 0.357 Loaded shared library C:\Users\Branislav\.p2\pool\plugins\org.eclipse.justj.openjdk.hotspot.jre.full.win32.x86_64_17.0.6.v20230204-1729\jre\bin\nio.dll
Event: 0.371 Loaded shared library C:\Users\Branislav\.p2\pool\plugins\org.eclipse.justj.openjdk.hotspot.jre.full.win32.x86_64_17.0.6.v20230204-1729\jre\bin\zip.dll
Event: 0.559 Loaded shared library C:\Users\Branislav\.p2\pool\plugins\org.eclipse.justj.openjdk.hotspot.jre.full.win32.x86_64_17.0.6.v20230204-1729\jre\bin\verify.dll
Event: 0.574 Loaded shared library C:\Users\Branislav\.p2\pool\plugins\org.eclipse.justj.openjdk.hotspot.jre.full.win32.x86_64_17.0.6.v20230204-1729\jre\bin\jimage.dll
Event: 1.172 Loaded shared library C:\Users\Branislav\.p2\pool\plugins\org.eclipse.justj.openjdk.hotspot.jre.full.win32.x86_64_17.0.6.v20230204-1729\jre\bin\management.dll
Event: 1.176 Loaded shared library C:\Users\Branislav\.p2\pool\plugins\org.eclipse.justj.openjdk.hotspot.jre.full.win32.x86_64_17.0.6.v20230204-1729\jre\bin\management_ext.dll
Event: 13.238 Loaded shared library C:\Users\Branislav\.p2\pool\plugins\org.eclipse.justj.openjdk.hotspot.jre.full.win32.x86_64_17.0.6.v20230204-1729\jre\bin\sunmscapi.dll

Deoptimization events (20 events):
Event: 1976057.599 Thread 0x0000019dd1db1ef0 Uncommon trap: trap_request=0xffffff45 fr.pc=0x0000019dc2763320 relative=0x00000000000022e0
Event: 1976057.599 Thread 0x0000019dd1db1ef0 Uncommon trap: reason=unstable_if action=reinterpret pc=0x0000019dc2763320 method=org.apache.coyote.http11.Http11Processor.service(Lorg/apache/tomcat/util/net/SocketWrapperBase;)Lorg/apache/tomcat/util/net/AbstractEndpoint$Handler$SocketState; @ 761 c2
Event: 1976057.599 Thread 0x0000019dd1db1ef0 DEOPT PACKING pc=0x0000019dc2763320 sp=0x00000068dc7ff1f0
Event: 1976057.603 Thread 0x0000019dd1db1ef0 DEOPT UNPACKING pc=0x0000019dc05f699d sp=0x00000068dc7ff1d0 mode 2
Event: 1976081.197 Thread 0x0000019dcf46c920 Uncommon trap: trap_request=0xffffff45 fr.pc=0x0000019dc225f074 relative=0x00000000000026b4
Event: 1976081.220 Thread 0x0000019dcf46c920 Uncommon trap: reason=unstable_if action=reinterpret pc=0x0000019dc225f074 method=com.zaxxer.hikari.util.ConcurrentBag.requite(Lcom/zaxxer/hikari/util/ConcurrentBag$IConcurrentBagEntry;)V @ 16 c2
Event: 1976081.243 Thread 0x0000019dcf46c920 DEOPT PACKING pc=0x0000019dc225f074 sp=0x00000068dc2fd170
Event: 1976081.291 Thread 0x0000019dcf46c920 DEOPT UNPACKING pc=0x0000019dc05f699d sp=0x00000068dc2fcd58 mode 2
Event: 1976130.314 Thread 0x0000019dcf46c450 Uncommon trap: trap_request=0xffffff45 fr.pc=0x0000019dc1ae15a0 relative=0x0000000000000860
Event: 1976130.316 Thread 0x0000019dcf46c450 Uncommon trap: reason=unstable_if action=reinterpret pc=0x0000019dc1ae15a0 method=java.util.concurrent.locks.ReentrantReadWriteLock$Sync.tryReleaseShared(I)Z @ 129 c2
Event: 1976130.318 Thread 0x0000019dcf46c450 DEOPT PACKING pc=0x0000019dc1ae15a0 sp=0x00000068dc1fdae0
Event: 1976130.323 Thread 0x0000019dcf46c450 DEOPT UNPACKING pc=0x0000019dc05f699d sp=0x00000068dc1fd8b8 mode 2
Event: 1976134.097 Thread 0x0000019dcf46cdf0 Uncommon trap: trap_request=0xffffff45 fr.pc=0x0000019dc1750128 relative=0x0000000000000768
Event: 1976134.097 Thread 0x0000019dcf46cdf0 Uncommon trap: reason=unstable_if action=reinterpret pc=0x0000019dc1750128 method=java.util.concurrent.locks.ReentrantReadWriteLock$Sync.tryReleaseShared(I)Z @ 129 c2
Event: 1976134.097 Thread 0x0000019dcf46cdf0 DEOPT PACKING pc=0x0000019dc1750128 sp=0x00000068dc4fd990
Event: 1976134.100 Thread 0x0000019dcf46cdf0 DEOPT UNPACKING pc=0x0000019dc05f699d sp=0x00000068dc4fd818 mode 2
Event: 1976144.294 Thread 0x0000019dd1db1ef0 Uncommon trap: trap_request=0xffffff45 fr.pc=0x0000019dc176094c relative=0x000000000000020c
Event: 1976144.294 Thread 0x0000019dd1db1ef0 Uncommon trap: reason=unstable_if action=reinterpret pc=0x0000019dc176094c method=java.util.concurrent.locks.ReentrantReadWriteLock$Sync.tryReleaseShared(I)Z @ 129 c2
Event: 1976144.294 Thread 0x0000019dd1db1ef0 DEOPT PACKING pc=0x0000019dc176094c sp=0x00000068dc7fd9b0
Event: 1976144.295 Thread 0x0000019dd1db1ef0 DEOPT UNPACKING pc=0x0000019dc05f699d sp=0x00000068dc7fd948 mode 2

Classes unloaded (20 events):
Event: 1725305.178 Thread 0x0000019db5a7e6b0 Unloading class 0x00000001011a6000 'jdk/internal/reflect/GeneratedMethodAccessor3179'
Event: 1725305.178 Thread 0x0000019db5a7e6b0 Unloading class 0x00000001010f5000 'jdk/internal/reflect/GeneratedMethodAccessor3178'
Event: 1725305.178 Thread 0x0000019db5a7e6b0 Unloading class 0x0000000101120000 'jdk/internal/reflect/GeneratedMethodAccessor3177'
Event: 1725305.178 Thread 0x0000019db5a7e6b0 Unloading class 0x00000001011e8c00 'jdk/internal/reflect/GeneratedMethodAccessor3176'
Event: 1725305.178 Thread 0x0000019db5a7e6b0 Unloading class 0x00000001011e9c00 'jdk/internal/reflect/GeneratedMethodAccessor3175'
Event: 1725483.174 Thread 0x0000019db5a7e6b0 Unloading class 0x00000001010c8800 'jdk/internal/reflect/GeneratedSerializationConstructorAccessor301'
Event: 1725483.174 Thread 0x0000019db5a7e6b0 Unloading class 0x00000001010b5800 'jdk/internal/reflect/GeneratedSerializationConstructorAccessor300'
Event: 1725483.175 Thread 0x0000019db5a7e6b0 Unloading class 0x00000001011e2c00 'org/apache/catalina/loader/JdbcLeakPrevention'
Event: 1725642.516 Thread 0x0000019db5a7e6b0 Unloading class 0x00000001010d3400 'jdk/internal/reflect/GeneratedSerializationConstructorAccessor303'
Event: 1725642.516 Thread 0x0000019db5a7e6b0 Unloading class 0x00000001011a0400 'jdk/internal/reflect/GeneratedSerializationConstructorAccessor302'
Event: 1725642.516 Thread 0x0000019db5a7e6b0 Unloading class 0x0000000101050000 'org/apache/catalina/loader/JdbcLeakPrevention'
Event: 1725691.387 Thread 0x0000019db5a7e6b0 Unloading class 0x00000001011f8800 'jdk/internal/reflect/GeneratedSerializationConstructorAccessor305'
Event: 1725691.387 Thread 0x0000019db5a7e6b0 Unloading class 0x00000001011f8000 'jdk/internal/reflect/GeneratedSerializationConstructorAccessor304'
Event: 1725691.387 Thread 0x0000019db5a7e6b0 Unloading class 0x0000000101110800 'org/apache/catalina/loader/JdbcLeakPrevention'
Event: 1725718.604 Thread 0x0000019db5a7e6b0 Unloading class 0x0000000101210000 'jdk/internal/reflect/GeneratedSerializationConstructorAccessor307'
Event: 1725718.604 Thread 0x0000019db5a7e6b0 Unloading class 0x0000000101205800 'jdk/internal/reflect/GeneratedSerializationConstructorAccessor306'
Event: 1725718.604 Thread 0x0000019db5a7e6b0 Unloading class 0x00000001011f8c00 'org/apache/catalina/loader/JdbcLeakPrevention'
Event: 1725745.418 Thread 0x0000019db5a7e6b0 Unloading class 0x0000000101220800 'jdk/internal/reflect/GeneratedSerializationConstructorAccessor309'
Event: 1725745.418 Thread 0x0000019db5a7e6b0 Unloading class 0x0000000101220000 'jdk/internal/reflect/GeneratedSerializationConstructorAccessor308'
Event: 1725745.418 Thread 0x0000019db5a7e6b0 Unloading class 0x0000000101213800 'org/apache/catalina/loader/JdbcLeakPrevention'

Classes redefined (0 events):
No events

Internal exceptions (20 events):
Event: 1967710.659 Thread 0x0000019dcf5a8a40 Implicit null exception at 0x0000019dbbb4f3b1 to 0x0000019dbbb50f1b
Event: 1967710.660 Thread 0x0000019dcf5a8a40 Exception <a 'java/lang/NullPointerException'{0x00000000c6f22f90}> (0x00000000c6f22f90) 
thrown [s\src\hotspot\share\runtime\sharedRuntime.cpp, line 628]
Event: 1967710.661 Thread 0x0000019dcf5a8a40 Implicit null exception at 0x0000019dbbb4f3b1 to 0x0000019dbbb50f1b
Event: 1967710.661 Thread 0x0000019dcf5a8a40 Exception <a 'java/lang/NullPointerException'{0x00000000c6f280a8}> (0x00000000c6f280a8) 
thrown [s\src\hotspot\share\runtime\sharedRuntime.cpp, line 628]
Event: 1968052.648 Thread 0x0000019dcf46d2c0 Implicit null exception at 0x0000019dbbb4f3b1 to 0x0000019dbbb50f1b
Event: 1968052.648 Thread 0x0000019dcf46d2c0 Exception <a 'java/lang/NullPointerException'{0x00000000c7dd4a10}> (0x00000000c7dd4a10) 
thrown [s\src\hotspot\share\runtime\sharedRuntime.cpp, line 628]
Event: 1968052.648 Thread 0x0000019dcf46d2c0 Implicit null exception at 0x0000019dbbb4f3b1 to 0x0000019dbbb50f1b
Event: 1968052.648 Thread 0x0000019dcf46d2c0 Exception <a 'java/lang/NullPointerException'{0x00000000c7dd9918}> (0x00000000c7dd9918) 
thrown [s\src\hotspot\share\runtime\sharedRuntime.cpp, line 628]
Event: 1975391.663 Thread 0x0000019dd1db1ef0 Implicit null exception at 0x0000019dbbb4f3b1 to 0x0000019dbbb50f1b
Event: 1975391.669 Thread 0x0000019dd1db1ef0 Exception <a 'java/lang/NullPointerException'{0x00000000ca55d908}> (0x00000000ca55d908) 
thrown [s\src\hotspot\share\runtime\sharedRuntime.cpp, line 628]
Event: 1975391.738 Thread 0x0000019dd1db1ef0 Implicit null exception at 0x0000019dbbb4f3b1 to 0x0000019dbbb50f1b
Event: 1975391.738 Thread 0x0000019dd1db1ef0 Exception <a 'java/lang/NullPointerException'{0x00000000ca562dd8}> (0x00000000ca562dd8) 
thrown [s\src\hotspot\share\runtime\sharedRuntime.cpp, line 628]
Event: 1975482.969 Thread 0x0000019dcf46c920 Implicit null exception at 0x0000019dbbb4f3b1 to 0x0000019dbbb50f1b
Event: 1975482.969 Thread 0x0000019dcf46c920 Exception <a 'java/lang/NullPointerException'{0x00000000ca1b1930}> (0x00000000ca1b1930) 
thrown [s\src\hotspot\share\runtime\sharedRuntime.cpp, line 628]
Event: 1975482.970 Thread 0x0000019dcf46c920 Implicit null exception at 0x0000019dbbb4f3b1 to 0x0000019dbbb50f1b
Event: 1975482.970 Thread 0x0000019dcf46c920 Exception <a 'java/lang/NullPointerException'{0x00000000ca1b6df0}> (0x00000000ca1b6df0) 
thrown [s\src\hotspot\share\runtime\sharedRuntime.cpp, line 628]
Event: 1975704.635 Thread 0x0000019dcf46a770 Implicit null exception at 0x0000019dbbb4f3b1 to 0x0000019dbbb50f1b
Event: 1975704.639 Thread 0x0000019dcf46a770 Exception <a 'java/lang/NullPointerException'{0x00000000c8119e70}> (0x00000000c8119e70) 
thrown [s\src\hotspot\share\runtime\sharedRuntime.cpp, line 628]
Event: 1975704.686 Thread 0x0000019dcf46a770 Implicit null exception at 0x0000019dbbb4f3b1 to 0x0000019dbbb50f1b
Event: 1975704.686 Thread 0x0000019dcf46a770 Exception <a 'java/lang/NullPointerException'{0x00000000c811f608}> (0x00000000c811f608) 
thrown [s\src\hotspot\share\runtime\sharedRuntime.cpp, line 628]

VM Operations (20 events):
Event: 1976137.859 Executing VM operation: Cleanup
Event: 1976137.860 Executing VM operation: Cleanup done
Event: 1976139.872 Executing VM operation: Cleanup
Event: 1976139.872 Executing VM operation: Cleanup done
Event: 1976140.466 Executing VM operation: G1CollectForAllocation
Event: 1976140.591 Executing VM operation: G1CollectForAllocation done
Event: 1976144.612 Executing VM operation: Cleanup
Event: 1976144.612 Executing VM operation: Cleanup done
Event: 1976145.140 Executing VM operation: G1CollectForAllocation
Event: 1976145.148 Executing VM operation: G1CollectForAllocation done
Event: 1976146.148 Executing VM operation: Cleanup
Event: 1976146.148 Executing VM operation: Cleanup done
Event: 1976148.149 Executing VM operation: Cleanup
Event: 1976148.163 Executing VM operation: Cleanup done
Event: 1976149.127 Executing VM operation: G1CollectForAllocation
Event: 1976149.131 Executing VM operation: G1CollectForAllocation done
Event: 1976150.112 Executing VM operation: HandshakeAllThreads
Event: 1976150.121 Executing VM operation: HandshakeAllThreads done
Event: 1976151.121 Executing VM operation: Cleanup
Event: 1976151.121 Executing VM operation: Cleanup done

Events (20 events):
Event: 1976152.416 Thread 0x0000019dccaad5b0 flushing nmethod 0x0000019dba8bae90
Event: 1976152.419 Thread 0x0000019dccaad5b0 flushing nmethod 0x0000019dba8d0090
Event: 1976152.437 Thread 0x0000019dccaad5b0 flushing nmethod 0x0000019dba972010
Event: 1976152.437 Thread 0x0000019dccaad5b0 flushing nmethod 0x0000019dba972610
Event: 1976152.444 Thread 0x0000019dccaad5b0 flushing nmethod 0x0000019dba9afe90
Event: 1976152.445 Thread 0x0000019dccaad5b0 flushing nmethod 0x0000019dba9bb510
Event: 1976152.446 Thread 0x0000019dccaad5b0 flushing nmethod 0x0000019dba9c0990
Event: 1976152.452 Thread 0x0000019dccaad5b0 flushing nmethod 0x0000019dbaa08290
Event: 1976152.456 Thread 0x0000019dccaad5b0 flushing nmethod 0x0000019dbaa31590
Event: 1976152.471 Thread 0x0000019dccaad5b0 flushing nmethod 0x0000019dbaac8f90
Event: 1976152.483 Thread 0x0000019dccaad5b0 flushing nmethod 0x0000019dbab27990
Event: 1976152.484 Thread 0x0000019dccaad5b0 flushing nmethod 0x0000019dbab35590
Event: 1976152.502 Thread 0x0000019dccaad5b0 flushing nmethod 0x0000019dbabe8290
Event: 1976152.502 Thread 0x0000019dccaad5b0 flushing nmethod 0x0000019dbabe8f90
Event: 1976152.505 Thread 0x0000019dccaad5b0 flushing nmethod 0x0000019dbac03490
Event: 1976152.505 Thread 0x0000019dccaad5b0 flushing nmethod 0x0000019dbac03890
Event: 1976152.508 Thread 0x0000019dccaad5b0 flushing nmethod 0x0000019dbac29e10
Event: 1976152.509 Thread 0x0000019dccaad5b0 flushing nmethod 0x0000019dbac3c910
Event: 1976152.519 Thread 0x0000019dccaad5b0 flushing nmethod 0x0000019dbac8df10
Event: 1976152.581 Thread 0x0000019dccaad5b0 flushing nmethod 0x0000019dbacc4190


Dynamic libraries:
0x00007ff67d690000 - 0x00007ff67d69e000 	C:\Users\Branislav\.p2\pool\plugins\org.eclipse.justj.openjdk.hotspot.jre.full.win32.x86_64_17.0.6.v20230204-1729\jre\bin\javaw.exe
0x00007ffc2d760000 - 0x00007ffc2d969000 	C:\WINDOWS\SYSTEM32\ntdll.dll
0x00007ffc2b5e0000 - 0x00007ffc2b69e000 	C:\WINDOWS\System32\KERNEL32.DLL
0x00007ffc2aeb0000 - 0x00007ffc2b22b000 	C:\WINDOWS\System32\KERNELBASE.dll
0x00007ffc2b4c0000 - 0x00007ffc2b5d1000 	C:\WINDOWS\System32\ucrtbase.dll
0x00007ffc24940000 - 0x00007ffc24957000 	C:\Users\Branislav\.p2\pool\plugins\org.eclipse.justj.openjdk.hotspot.jre.full.win32.x86_64_17.0.6.v20230204-1729\jre\bin\jli.dll
0x00007ffc26e80000 - 0x00007ffc26e99000 	C:\Users\Branislav\.p2\pool\plugins\org.eclipse.justj.openjdk.hotspot.jre.full.win32.x86_64_17.0.6.v20230204-1729\jre\bin\VCRUNTIME140.dll
0x00007ffc2d3d0000 - 0x00007ffc2d57d000 	C:\WINDOWS\System32\USER32.dll
0x00007ffc1f180000 - 0x00007ffc1f425000 	C:\WINDOWS\WinSxS\amd64_microsoft.windows.common-controls_6595b64144ccf1df_6.0.22000.120_none_9d947278b86cc467\COMCTL32.dll
0x00007ffc2b2b0000 - 0x00007ffc2b2d6000 	C:\WINDOWS\System32\win32u.dll
0x00007ffc2d5e0000 - 0x00007ffc2d683000 	C:\WINDOWS\System32\msvcrt.dll
0x00007ffc2d0a0000 - 0x00007ffc2d0c9000 	C:\WINDOWS\System32\GDI32.dll
0x00007ffc2ad90000 - 0x00007ffc2aea8000 	C:\WINDOWS\System32\gdi32full.dll
0x00007ffc2acf0000 - 0x00007ffc2ad8d000 	C:\WINDOWS\System32\msvcp_win.dll
0x00007ffc2c680000 - 0x00007ffc2c6b2000 	C:\WINDOWS\System32\IMM32.DLL
0x00007ffc270b0000 - 0x00007ffc270bc000 	C:\Users\Branislav\.p2\pool\plugins\org.eclipse.justj.openjdk.hotspot.jre.full.win32.x86_64_17.0.6.v20230204-1729\jre\bin\vcruntime140_1.dll
0x00007ffbf2df0000 - 0x00007ffbf2e81000 	C:\Users\Branislav\.p2\pool\plugins\org.eclipse.justj.openjdk.hotspot.jre.full.win32.x86_64_17.0.6.v20230204-1729\jre\bin\msvcp140.dll
0x00007ffbf0ff0000 - 0x00007ffbf1c37000 	C:\Users\Branislav\.p2\pool\plugins\org.eclipse.justj.openjdk.hotspot.jre.full.win32.x86_64_17.0.6.v20230204-1729\jre\bin\server\jvm.dll
0x00007ffc2d320000 - 0x00007ffc2d3ce000 	C:\WINDOWS\System32\ADVAPI32.dll
0x00007ffc2b7f0000 - 0x00007ffc2b88e000 	C:\WINDOWS\System32\sechost.dll
0x00007ffc2c9e0000 - 0x00007ffc2cb00000 	C:\WINDOWS\System32\RPCRT4.dll
0x00007ffc26df0000 - 0x00007ffc26df9000 	C:\WINDOWS\SYSTEM32\WSOCK32.dll
0x00007ffc26c70000 - 0x00007ffc26ca3000 	C:\WINDOWS\SYSTEM32\WINMM.dll
0x00007ffc2d6b0000 - 0x00007ffc2d71f000 	C:\WINDOWS\System32\WS2_32.dll
0x00007ffc256a0000 - 0x00007ffc256aa000 	C:\WINDOWS\SYSTEM32\VERSION.dll
0x00007ffc29cb0000 - 0x00007ffc29cc8000 	C:\WINDOWS\SYSTEM32\kernel.appcore.dll
0x00007ffc26d10000 - 0x00007ffc26d1a000 	C:\Users\Branislav\.p2\pool\plugins\org.eclipse.justj.openjdk.hotspot.jre.full.win32.x86_64_17.0.6.v20230204-1729\jre\bin\jimage.dll
0x00007ffc25c30000 - 0x00007ffc25e51000 	C:\WINDOWS\SYSTEM32\DBGHELP.DLL
0x00007ffc258d0000 - 0x00007ffc25901000 	C:\WINDOWS\SYSTEM32\dbgcore.DLL
0x00007ffc2b230000 - 0x00007ffc2b2af000 	C:\WINDOWS\System32\bcryptPrimitives.dll
0x00007ffc23900000 - 0x00007ffc23925000 	C:\Users\Branislav\.p2\pool\plugins\org.eclipse.justj.openjdk.hotspot.jre.full.win32.x86_64_17.0.6.v20230204-1729\jre\bin\java.dll
0x00007ffc244e0000 - 0x00007ffc244f8000 	C:\Users\Branislav\.p2\pool\plugins\org.eclipse.justj.openjdk.hotspot.jre.full.win32.x86_64_17.0.6.v20230204-1729\jre\bin\zip.dll
0x00007ffc2b890000 - 0x00007ffc2c047000 	C:\WINDOWS\System32\SHELL32.dll
0x00007ffc28d20000 - 0x00007ffc29585000 	C:\WINDOWS\SYSTEM32\windows.storage.dll
0x00007ffc2c300000 - 0x00007ffc2c678000 	C:\WINDOWS\System32\combase.dll
0x00007ffc28bb0000 - 0x00007ffc28d16000 	C:\WINDOWS\SYSTEM32\wintypes.dll
0x00007ffc2b6a0000 - 0x00007ffc2b78a000 	C:\WINDOWS\System32\SHCORE.dll
0x00007ffc2d0d0000 - 0x00007ffc2d12d000 	C:\WINDOWS\System32\shlwapi.dll
0x00007ffc2ab60000 - 0x00007ffc2ab81000 	C:\WINDOWS\SYSTEM32\profapi.dll
0x00007ffc238e0000 - 0x00007ffc238f9000 	C:\Users\Branislav\.p2\pool\plugins\org.eclipse.justj.openjdk.hotspot.jre.full.win32.x86_64_17.0.6.v20230204-1729\jre\bin\net.dll
0x00007ffc26120000 - 0x00007ffc26234000 	C:\WINDOWS\SYSTEM32\WINHTTP.dll
0x00007ffc2a150000 - 0x00007ffc2a1b7000 	C:\WINDOWS\system32\mswsock.dll
0x00007ffc23750000 - 0x00007ffc23765000 	C:\Users\Branislav\.p2\pool\plugins\org.eclipse.justj.openjdk.hotspot.jre.full.win32.x86_64_17.0.6.v20230204-1729\jre\bin\nio.dll
0x00007ffc249e0000 - 0x00007ffc249f0000 	C:\Users\Branislav\.p2\pool\plugins\org.eclipse.justj.openjdk.hotspot.jre.full.win32.x86_64_17.0.6.v20230204-1729\jre\bin\verify.dll
0x00007ffc26fd0000 - 0x00007ffc26fd9000 	C:\Users\Branislav\.p2\pool\plugins\org.eclipse.justj.openjdk.hotspot.jre.full.win32.x86_64_17.0.6.v20230204-1729\jre\bin\management.dll
0x00007ffc26f00000 - 0x00007ffc26f0b000 	C:\Users\Branislav\.p2\pool\plugins\org.eclipse.justj.openjdk.hotspot.jre.full.win32.x86_64_17.0.6.v20230204-1729\jre\bin\management_ext.dll
0x00007ffc2d010000 - 0x00007ffc2d018000 	C:\WINDOWS\System32\PSAPI.DLL
0x00007ffc10cc0000 - 0x00007ffc10cd7000 	C:\WINDOWS\system32\napinsp.dll
0x00007ffc0e900000 - 0x00007ffc0e91b000 	C:\WINDOWS\system32\pnrpnsp.dll
0x00007ffc298a0000 - 0x00007ffc29988000 	C:\WINDOWS\SYSTEM32\DNSAPI.dll
0x00007ffc29820000 - 0x00007ffc2984d000 	C:\WINDOWS\SYSTEM32\IPHLPAPI.DLL
0x00007ffc2cf70000 - 0x00007ffc2cf79000 	C:\WINDOWS\System32\NSI.dll
0x00007ffc0cb60000 - 0x00007ffc0cb72000 	C:\WINDOWS\System32\winrnr.dll
0x00007ffc0cb40000 - 0x00007ffc0cb55000 	C:\WINDOWS\system32\wshbth.dll
0x00007ffc0cb20000 - 0x00007ffc0cb3f000 	C:\WINDOWS\system32\nlansp_c.dll
0x00007ffc229d0000 - 0x00007ffc229da000 	C:\Windows\System32\rasadhlp.dll
0x00007ffc23e20000 - 0x00007ffc23ea1000 	C:\WINDOWS\System32\fwpuclnt.dll
0x00007ffc2a3a0000 - 0x00007ffc2a3b8000 	C:\WINDOWS\SYSTEM32\CRYPTSP.dll
0x00007ffc29c10000 - 0x00007ffc29c45000 	C:\WINDOWS\system32\rsaenh.dll
0x00007ffc2a240000 - 0x00007ffc2a269000 	C:\WINDOWS\SYSTEM32\USERENV.dll
0x00007ffc2a520000 - 0x00007ffc2a547000 	C:\WINDOWS\SYSTEM32\bcrypt.dll
0x00007ffc2a390000 - 0x00007ffc2a39c000 	C:\WINDOWS\SYSTEM32\CRYPTBASE.dll
0x00007ffc25f80000 - 0x00007ffc25f99000 	C:\WINDOWS\SYSTEM32\dhcpcsvc6.DLL
0x00007ffc26ac0000 - 0x00007ffc26ade000 	C:\WINDOWS\SYSTEM32\dhcpcsvc.DLL
0x00007ffc25ed0000 - 0x00007ffc25ede000 	C:\Users\Branislav\.p2\pool\plugins\org.eclipse.justj.openjdk.hotspot.jre.full.win32.x86_64_17.0.6.v20230204-1729\jre\bin\sunmscapi.dll
0x00007ffc2b2e0000 - 0x00007ffc2b442000 	C:\WINDOWS\System32\CRYPT32.dll
0x00007ffc2a4f0000 - 0x00007ffc2a518000 	C:\WINDOWS\SYSTEM32\ncrypt.dll
0x00007ffc2a4b0000 - 0x00007ffc2a4e7000 	C:\WINDOWS\SYSTEM32\NTASN1.dll
0x00007ffc26e10000 - 0x00007ffc26e18000 	C:\WINDOWS\system32\wshunix.dll

dbghelp: loaded successfully - version: 4.0.5 - missing functions: none
symbol engine: initialized successfully - sym options: 0x614 - pdb path: .;C:\Users\Branislav\.p2\pool\plugins\org.eclipse.justj.openjdk.hotspot.jre.full.win32.x86_64_17.0.6.v20230204-1729\jre\bin;C:\WINDOWS\SYSTEM32;C:\WINDOWS\WinSxS\amd64_microsoft.windows.common-controls_6595b64144ccf1df_6.0.22000.120_none_9d947278b86cc467;C:\Users\Branislav\.p2\pool\plugins\org.eclipse.justj.openjdk.hotspot.jre.full.win32.x86_64_17.0.6.v20230204-1729\jre\bin\server

VM Arguments:
jvm_args: -Dfile.encoding=UTF-8 -XX:+ShowCodeDetailsInExceptionMessages 
java_command: com.back.BackApplication
java_class_path (initial): C:\Users\Branislav\Desktop\back\back\target\classes;C:\Users\Branislav\.m2\repository\org\springframework\boot\spring-boot-starter-web\2.6.4\spring-boot-starter-web-2.6.4.jar;C:\Users\Branislav\.m2\repository\org\springframework\boot\spring-boot-starter\2.6.4\spring-boot-starter-2.6.4.jar;C:\Users\Branislav\.m2\repository\org\springframework\boot\spring-boot-starter-logging\2.6.4\spring-boot-starter-logging-2.6.4.jar;C:\Users\Branislav\.m2\repository\ch\qos\logback\logback-classic\1.2.10\logback-classic-1.2.10.jar;C:\Users\Branislav\.m2\repository\ch\qos\logback\logback-core\1.2.10\logback-core-1.2.10.jar;C:\Users\Branislav\.m2\repository\org\apache\logging\log4j\log4j-to-slf4j\2.17.1\log4j-to-slf4j-2.17.1.jar;C:\Users\Branislav\.m2\repository\org\apache\logging\log4j\log4j-api\2.17.1\log4j-api-2.17.1.jar;C:\Users\Branislav\.m2\repository\org\slf4j\jul-to-slf4j\1.7.36\jul-to-slf4j-1.7.36.jar;C:\Users\Branislav\.m2\repository\org\yaml\snakeyaml\1.29\snakeyaml-1.29.jar;C:\Users\Branislav\.m2\repository\org\springframework\boot\spring-boot-starter-json\2.6.4\spring-boot-starter-json-2.6.4.jar;C:\Users\Branislav\.m2\repository\com\fasterxml\jackson\datatype\jackson-datatype-jdk8\2.13.1\jackson-datatype-jdk8-2.13.1.jar;C:\Users\Branislav\.m2\repository\com\fasterxml\jackson\datatype\jackson-datatype-jsr310\2.13.1\jackson-datatype-jsr310-2.13.1.jar;C:\Users\Branislav\.m2\repository\com\fasterxml\jackson\module\jackson-module-parameter-names\2.13.1\jackson-module-parameter-names-2.13.1.jar;C:\Users\Branislav\.m2\repository\org\springframework\spring-web\5.3.16\spring-web-5.3.16.jar;C:\Users\Branislav\.m2\repository\org\springframework\spring-beans\5.3.16\spring-beans-5.3.16.jar;C:\Users\Branislav\.m2\repository\org\springframework\spring-webmvc\5.3.16\spring-webmvc-5.3.16.jar;C:\Users\Branislav\.m2\repository\org\springframework\spring-context\5.3.16\spring-context-5.3.16.jar;C:\Users\Branislav\.m2\repository\org\springframework\spring-expressi
Launcher Type: SUN_STANDARD

[Global flags]
     intx CICompilerCount                          = 3                                         {product} {ergonomic}
     uint ConcGCThreads                            = 1                                         {product} {ergonomic}
     uint G1ConcRefinementThreads                  = 4                                         {product} {ergonomic}
   size_t G1HeapRegionSize                         = 1048576                                   {product} {ergonomic}
    uintx GCDrainStackTargetSize                   = 64                                        {product} {ergonomic}
   size_t InitialHeapSize                          = 67108864                                  {product} {ergonomic}
   size_t MarkStackSize                            = 4194304                                   {product} {ergonomic}
   size_t MaxHeapSize                              = 1042284544                                {product} {ergonomic}
   size_t MaxNewSize                               = 624951296                                 {product} {ergonomic}
   size_t MinHeapDeltaBytes                        = 1048576                                   {product} {ergonomic}
   size_t MinHeapSize                              = 8388608                                   {product} {ergonomic}
    uintx NonNMethodCodeHeapSize                   = 5832780                                {pd product} {ergonomic}
    uintx NonProfiledCodeHeapSize                  = 122912730                              {pd product} {ergonomic}
    uintx ProfiledCodeHeapSize                     = 122912730                              {pd product} {ergonomic}
    uintx ReservedCodeCacheSize                    = 251658240                              {pd product} {ergonomic}
     bool SegmentedCodeCache                       = true                                      {product} {ergonomic}
     bool ShowCodeDetailsInExceptionMessages       = true                                   {manageable} {command line}
   size_t SoftMaxHeapSize                          = 1042284544                             {manageable} {ergonomic}
     bool UseCompressedClassPointers               = true                           {product lp64_product} {ergonomic}
     bool UseCompressedOops                        = true                           {product lp64_product} {ergonomic}
     bool UseG1GC                                  = true                                      {product} {ergonomic}
     bool UseLargePagesIndividualAllocation        = false                                  {pd product} {ergonomic}

Logging:
Log output configuration:
 #0: stdout all=warning uptime,level,tags
 #1: stderr all=off uptime,level,tags

Environment Variables:
JAVA_HOME=C:\Program Files\Java\jdk-15
PATH=C:/Users/Branislav/.p2/pool/plugins/org.eclipse.justj.openjdk.hotspot.jre.full.win32.x86_64_17.0.6.v20230204-1729/jre/bin/server;C:/Users/Branislav/.p2/pool/plugins/org.eclipse.justj.openjdk.hotspot.jre.full.win32.x86_64_17.0.6.v20230204-1729/jre/bin;C:\Program Files\Common Files\Oracle\Java\javapath;C:\WINDOWS\system32;C:\WINDOWS;C:\WINDOWS\System32\Wbem;C:\WINDOWS\System32\WindowsPowerShell\v1.0\;C:\WINDOWS\System32\OpenSSH\;C:\Program Files\Java\jdk-15\bin;C:\Program Files (x86)\sqlite3;C:\Program Files\Microsoft SQL Server\130\Tools\Binn\;C:\Program Files\Microsoft SQL Server\Client SDK\ODBC\170\Tools\Binn\;C:\Program Files (x86)\Microsoft SQL Server\150\DTS\Binn\;C:\Program Files\Azure Data Studio\bin;C:\Program Files (x86)\Microsoft SQL Server\110\DTS\Binn\;C:\Program Files (x86)\Microsoft SQL Server\120\DTS\Binn\;C:\Program Files (x86)\Microsoft SQL Server\130\DTS\Binn\;C:\Program Files (x86)\Microsoft SQL Server\140\DTS\Binn\;C:\Program Files\dotnet\;C:\Program Files\nodejs;C:\Program Files (x86)\Microsoft SQL Server\150\Tools\Binn\;C:\Program Files\Microsoft SQL Server\150\Tools\Binn\;C:\Program Files\Microsoft SQL Server\150\DTS\Binn\;C:\Program Files\Git\cmd;C:\Program Files\nodejs\;C:\Users\Branislav\AppData\Local\Microsoft\WindowsApps;C:\Program Files\Azure Data Studio\bin;C:\Users\Branislav\.dotnet\tools;C:\Program Files\nodejs;C:\Users\Branislav\AppData\Roaming\npm \node_modules@angular\cli\bin;C:\Users\Branislav\AppData\Local\Programs\Microsoft VS Code\bin;C:\Users\Branislav\AppData\Roaming\npm;;C:\WINDOWS\system32;
USERNAME=Branislav
OS=Windows_NT
PROCESSOR_IDENTIFIER=Intel64 Family 6 Model 142 Stepping 10, GenuineIntel
TMP=C:\Users\BRANIS~1\AppData\Local\Temp
TEMP=C:\Users\BRANIS~1\AppData\Local\Temp



---------------  S Y S T E M  ---------------

OS:
 Windows 11 , 64 bit Build 22000 (10.0.22000.1335)
OS uptime: 28 days 17:47 hours

CPU: total 4 (initial active 4) (2 cores per cpu, 2 threads per core) family 6 model 142 stepping 10 microcode 0xe0, cx8, cmov, fxsr, ht, mmx, 3dnowpref, sse, sse2, sse3, ssse3, sse4.1, sse4.2, popcnt, lzcnt, tsc, tscinvbit, aes, erms, clmul, clflush, clflushopt

Memory: 4k page, system-wide physical 3971M (400M free)
TotalPageFile size 16259M (AvailPageFile size 0M)
current process WorkingSet (physical memory assigned to process): 248M, peak: 452M
current process commit charge ("private bytes"): 521M, peak: 606M

vm_info: OpenJDK 64-Bit Server VM (17.0.6+10) for windows-amd64 JRE (17.0.6+10), built on Jan 18 2023 10:08:59 by "temurin" with MS VC++ 16.7 (VS2019)

END.
